# JRE version: Java(TM) SE Runtime Environment (8.0_101-b13) (build 1.8.0_101-b13)
# Java VM: Java HotSpot(TM) 64-Bit Server VM (25.101-b13 mixed mode windows-amd64 compressed oops)
Heap:
 PSYoungGen      total 135680K, used 111236K [0x00000000eab00000, 0x00000000f5480000, 0x0000000100000000)
  eden space 121344K, 80% used [0x00000000eab00000,0x00000000f09ded30,0x00000000f2180000)
  from space 14336K, 98% used [0x00000000f2580000,0x00000000f33422d8,0x00000000f3380000)
  to   space 26112K, 0% used [0x00000000f3b00000,0x00000000f3b00000,0x00000000f5480000)
 ParOldGen       total 151040K, used 71573K [0x00000000c0000000, 0x00000000c9380000, 0x00000000eab00000)
  object space 151040K, 47% used [0x00000000c0000000,0x00000000c45e5608,0x00000000c9380000)
 Metaspace       used 85196K, capacity 94585K, committed 94768K, reserved 1130496K
  class space    used 9982K, capacity 12789K, committed 12848K, reserved 1048576K
GC Heap History (10 events):
Event: 1000.541 GC heap before
{Heap before GC invocations=34 (full 5):
 PSYoungGen      total 169984K, used 157700K [0x00000000eab00000, 0x00000000f7700000, 0x0000000100000000)
  eden space 144384K, 100% used [0x00000000eab00000,0x00000000f3800000,0x00000000f3800000)
  from space 25600K, 52% used [0x00000000f5e00000,0x00000000f6b013d0,0x00000000f7700000)
  to   space 32256K, 0% used [0x00000000f3800000,0x00000000f3800000,0x00000000f5780000)
 ParOldGen       total 151040K, used 71541K [0x00000000c0000000, 0x00000000c9380000, 0x00000000eab00000)
  object space 151040K, 47% used [0x00000000c0000000,0x00000000c45dd608,0x00000000c9380000)
 Metaspace       used 83568K, capacity 92929K, committed 92976K, reserved 1130496K
  class space    used 9864K, capacity 12590K, committed 12592K, reserved 1048576K
Event: 1000.578 GC heap after
Heap after GC invocations=34 (full 5):
 PSYoungGen      total 153088K, used 13446K [0x00000000eab00000, 0x00000000f7000000, 0x0000000100000000)
  eden space 139264K, 0% used [0x00000000eab00000,0x00000000eab00000,0x00000000f3300000)
  from space 13824K, 97% used [0x00000000f3800000,0x00000000f45219f0,0x00000000f4580000)
  to   space 31232K, 0% used [0x00000000f5180000,0x00000000f5180000,0x00000000f7000000)
 ParOldGen       total 151040K, used 71541K [0x00000000c0000000, 0x00000000c9380000, 0x00000000eab00000)
  object space 151040K, 47% used [0x00000000c0000000,0x00000000c45dd608,0x00000000c9380000)
 Metaspace       used 83568K, capacity 92929K, committed 92976K, reserved 1130496K
  class space    used 9864K, capacity 12590K, committed 12592K, reserved 1048576K
}
Event: 1036.653 GC heap before
{Heap before GC invocations=35 (full 5):
 PSYoungGen      total 153088K, used 152710K [0x00000000eab00000, 0x00000000f7000000, 0x0000000100000000)
  eden space 139264K, 100% used [0x00000000eab00000,0x00000000f3300000,0x00000000f3300000)
  from space 13824K, 97% used [0x00000000f3800000,0x00000000f45219f0,0x00000000f4580000)
  to   space 31232K, 0% used [0x00000000f5180000,0x00000000f5180000,0x00000000f7000000)
 ParOldGen       total 151040K, used 71541K [0x00000000c0000000, 0x00000000c9380000, 0x00000000eab00000)
  object space 151040K, 47% used [0x00000000c0000000,0x00000000c45dd608,0x00000000c9380000)
 Metaspace       used 83663K, capacity 92993K, committed 93232K, reserved 1130496K
  class space    used 9865K, capacity 12590K, committed 12592K, reserved 1048576K
Event: 1036.674 GC heap after
Heap after GC invocations=35 (full 5):
 PSYoungGen      total 158208K, used 12870K [0x00000000eab00000, 0x00000000f6880000, 0x0000000100000000)
  eden space 134656K, 0% used [0x00000000eab00000,0x00000000eab00000,0x00000000f2e80000)
  from space 23552K, 54% used [0x00000000f5180000,0x00000000f5e119f0,0x00000000f6880000)
  to   space 29696K, 0% used [0x00000000f2e80000,0x00000000f2e80000,0x00000000f4b80000)
 ParOldGen       total 151040K, used 71549K [0x00000000c0000000, 0x00000000c9380000, 0x00000000eab00000)
  object space 151040K, 47% used [0x00000000c0000000,0x00000000c45df608,0x00000000c9380000)
 Metaspace       used 83663K, capacity 92993K, committed 93232K, reserved 1130496K
  class space    used 9865K, capacity 12590K, committed 12592K, reserved 1048576K
}
Event: 1057.777 GC heap before
{Heap before GC invocations=36 (full 5):
 PSYoungGen      total 158208K, used 147526K [0x00000000eab00000, 0x00000000f6880000, 0x0000000100000000)
  eden space 134656K, 100% used [0x00000000eab00000,0x00000000f2e80000,0x00000000f2e80000)
  from space 23552K, 54% used [0x00000000f5180000,0x00000000f5e119f0,0x00000000f6880000)
  to   space 29696K, 0% used [0x00000000f2e80000,0x00000000f2e80000,0x00000000f4b80000)
 ParOldGen       total 151040K, used 71549K [0x00000000c0000000, 0x00000000c9380000, 0x00000000eab00000)
  object space 151040K, 47% used [0x00000000c0000000,0x00000000c45df608,0x00000000c9380000)
 Metaspace       used 84186K, capacity 93447K, committed 93616K, reserved 1130496K
  class space    used 9893K, capacity 12655K, committed 12720K, reserved 1048576K
Event: 1057.797 GC heap after
Heap after GC invocations=36 (full 5):
 PSYoungGen      total 143360K, used 12823K [0x00000000eab00000, 0x00000000f6100000, 0x0000000100000000)
  eden space 130048K, 0% used [0x00000000eab00000,0x00000000eab00000,0x00000000f2a00000)
  from space 13312K, 96% used [0x00000000f2e80000,0x00000000f3b05cb0,0x00000000f3b80000)
  to   space 28160K, 0% used [0x00000000f4580000,0x00000000f4580000,0x00000000f6100000)
 ParOldGen       total 151040K, used 71557K [0x00000000c0000000, 0x00000000c9380000, 0x00000000eab00000)
  object space 151040K, 47% used [0x00000000c0000000,0x00000000c45e1608,0x00000000c9380000)
 Metaspace       used 84186K, capacity 93447K, committed 93616K, reserved 1130496K
  class space    used 9893K, capacity 12655K, committed 12720K, reserved 1048576K
}
Event: 1075.098 GC heap before
{Heap before GC invocations=37 (full 5):
 PSYoungGen      total 143360K, used 142871K [0x00000000eab00000, 0x00000000f6100000, 0x0000000100000000)
  eden space 130048K, 100% used [0x00000000eab00000,0x00000000f2a00000,0x00000000f2a00000)
  from space 13312K, 96% used [0x00000000f2e80000,0x00000000f3b05cb0,0x00000000f3b80000)
  to   space 28160K, 0% used [0x00000000f4580000,0x00000000f4580000,0x00000000f6100000)
 ParOldGen       total 151040K, used 71557K [0x00000000c0000000, 0x00000000c9380000, 0x00000000eab00000)
  object space 151040K, 47% used [0x00000000c0000000,0x00000000c45e1608,0x00000000c9380000)
 Metaspace       used 84417K, capacity 93599K, committed 93872K, reserved 1130496K
  class space    used 9895K, capacity 12656K, committed 12720K, reserved 1048576K
Event: 1075.119 GC heap after
Heap after GC invocations=37 (full 5):
 PSYoungGen      total 146944K, used 12668K [0x00000000eab00000, 0x00000000f5a80000, 0x0000000100000000)
  eden space 125440K, 0% used [0x00000000eab00000,0x00000000eab00000,0x00000000f2580000)
  from space 21504K, 58% used [0x00000000f4580000,0x00000000f51df1a0,0x00000000f5a80000)
  to   space 27136K, 0% used [0x00000000f2580000,0x00000000f2580000,0x00000000f4000000)
 ParOldGen       total 151040K, used 71565K [0x00000000c0000000, 0x00000000c9380000, 0x00000000eab00000)
  object space 151040K, 47% used [0x00000000c0000000,0x00000000c45e3608,0x00000000c9380000)
 Metaspace       used 84417K, capacity 93599K, committed 93872K, reserved 1130496K
  class space    used 9895K, capacity 12656K, committed 12720K, reserved 1048576K
}
Event: 1086.100 GC heap before
{Heap before GC invocations=38 (full 5):
 PSYoungGen      total 146944K, used 138108K [0x00000000eab00000, 0x00000000f5a80000, 0x0000000100000000)
  eden space 125440K, 100% used [0x00000000eab00000,0x00000000f2580000,0x00000000f2580000)
  from space 21504K, 58% used [0x00000000f4580000,0x00000000f51df1a0,0x00000000f5a80000)
  to   space 27136K, 0% used [0x00000000f2580000,0x00000000f2580000,0x00000000f4000000)
 ParOldGen       total 151040K, used 71565K [0x00000000c0000000, 0x00000000c9380000, 0x00000000eab00000)
  object space 151040K, 47% used [0x00000000c0000000,0x00000000c45e3608,0x00000000c9380000)
 Metaspace       used 85179K, capacity 94567K, committed 94768K, reserved 1130496K
  class space    used 9979K, capacity 12786K, committed 12848K, reserved 1048576K
Event: 1086.135 GC heap after
Heap after GC invocations=38 (full 5):
 PSYoungGen      total 135680K, used 14088K [0x00000000eab00000, 0x00000000f5480000, 0x0000000100000000)
  eden space 121344K, 0% used [0x00000000eab00000,0x00000000eab00000,0x00000000f2180000)
  from space 14336K, 98% used [0x00000000f2580000,0x00000000f33422d8,0x00000000f3380000)
  to   space 26112K, 0% used [0x00000000f3b00000,0x00000000f3b00000,0x00000000f5480000)
 ParOldGen       total 151040K, used 71573K [0x00000000c0000000, 0x00000000c9380000, 0x00000000eab00000)
  object space 151040K, 47% used [0x00000000c0000000,0x00000000c45e5608,0x00000000c9380000)
 Metaspace       used 85179K, capacity 94567K, committed 94768K, reserved 1130496K
  class space    used 9979K, capacity 12786K, committed 12848K, reserved 1048576K
}

